<?xml version="1.0" encoding="UTF-8"?>
<!-- Generated by org.testng.reporters.JUnitReportReporter -->
<testsuite hostname="BCTCL-DL5420143" failures="0" tests="42" name="com.ews.testcases.Rerun" time="3114.112" errors="0" timestamp="2022-10-03T16:20:17 IST" skipped="0">
  <testcase classname="com.ews.testcases.Rerun" name="unique_uiValidations" time="54.766"/>
  <system-out/>
  <testcase classname="com.ews.testcases.Rerun" name="unique_RiskValidations" time="103.387"/>
  <system-out/>
  <testcase classname="com.ews.testcases.Rerun" name="unique_controlValidations" time="101.669"/>
  <system-out/>
  <testcase classname="com.ews.testcases.Rerun" name="unique_KRIValidations" time="102.084"/>
  <system-out/>
  <testcase classname="com.ews.testcases.Rerun" name="unique_RiskViewValidations" time="47.783"/>
  <system-out/>
  <testcase classname="com.ews.testcases.Rerun" name="unique_RiskEditValidations" time="80.087"/>
  <system-out/>
  <testcase classname="com.ews.testcases.Rerun" name="unique_RiskDeleteValidations" time="55.800"/>
  <system-out/>
  <testcase classname="com.ews.testcases.Rerun" name="bem_UIValidations" time="50.861"/>
  <system-out/>
  <testcase classname="com.ews.testcases.Rerun" name="bem_CreateVersionValidations" time="70.274"/>
  <system-out/>
  <testcase classname="com.ews.testcases.Rerun" name="bem_CreateHierarchy" time="128.305"/>
  <system-out/>
  <testcase classname="com.ews.testcases.Rerun" name="bem_ViewOrganisationChart" time="76.065"/>
  <system-out/>
  <testcase classname="com.ews.testcases.Rerun" name="bem_EditOHG" time="92.389"/>
  <system-out/>
  <testcase classname="com.ews.testcases.Rerun" name="bem_ViewOHG" time="48.484"/>
  <system-out/>
  <testcase classname="com.ews.testcases.Rerun" name="riskMonitoring_UIValidations" time="53.508"/>
  <system-out/>
  <testcase classname="com.ews.testcases.Rerun" name="riskMonitoring_CreateKRI" time="81.422"/>
  <system-out/>
  <testcase classname="com.ews.testcases.Rerun" name="riskMonitoring_CancelKRI" time="56.725"/>
  <system-out/>
  <testcase classname="com.ews.testcases.Rerun" name="riskMonitoring_ViewKRI" time="82.928"/>
  <system-out/>
  <testcase classname="com.ews.testcases.Rerun" name="riskMonitoring_ViewKRIBack" time="54.136"/>
  <system-out/>
  <testcase classname="com.ews.testcases.Rerun" name="riskMonitoring_ViewKRIEdit" time="73.522"/>
  <system-out/>
  <testcase classname="com.ews.testcases.Rerun" name="riskMonitoring_ViewKRIEditCancel" time="61.008"/>
  <system-out/>
  <testcase classname="com.ews.testcases.Rerun" name="riskMonitoring_MapUIValidations" time="94.214"/>
  <system-out/>
  <testcase classname="com.ews.testcases.Rerun" name="riskMonitoring_MapBusinessLine" time="127.376"/>
  <system-out/>
  <testcase classname="com.ews.testcases.Rerun" name="riskMonitoring_MapThreshold" time="95.346"/>
  <system-out/>
  <testcase classname="com.ews.testcases.Rerun" name="riskMonitoring_MapFormula" time="81.258"/>
  <system-out/>
  <testcase classname="com.ews.testcases.Rerun" name="riskMonitoring_MapOtherDetails" time="56.988"/>
  <system-out/>
  <testcase classname="com.ews.testcases.Rerun" name="riskMonitoring_MapKRIandControlRegister" time="56.654"/>
  <system-out/>
  <testcase classname="com.ews.testcases.Rerun" name="riskMonitoring_DeleteKRI" time="55.922"/>
  <system-out/>
  <testcase classname="com.ews.testcases.Rerun" name="riskMonitoring_UpdateKRIUIValidations" time="49.389"/>
  <system-out/>
  <testcase classname="com.ews.testcases.Rerun" name="riskMonitoring_UpdateKRIMetricsUIValidations" time="83.993"/>
  <system-out/>
  <testcase classname="com.ews.testcases.Rerun" name="riskMonitoring_ViewKRIUIValidations" time="65.635"/>
  <system-out/>
  <testcase classname="com.ews.testcases.Rerun" name="riskMonitoring_ViewKRIUIValidationswithDate" time="74.948"/>
  <system-out/>
  <testcase classname="com.ews.testcases.Rerun" name="riskAssesment_CreateRiskAssesmentUIValidations" time="54.732"/>
  <system-out/>
  <testcase classname="com.ews.testcases.Rerun" name="riskAssesment_ControlAssesmentUIValidations" time="49.772"/>
  <system-out/>
  <testcase classname="com.ews.testcases.Rerun" name="riskAssesment_AssesUIValidations" time="112.059"/>
  <system-out/>
  <testcase classname="com.ews.testcases.Rerun" name="riskAssesment_ControlAssesValidations" time="49.830"/>
  <system-out/>
  <testcase classname="com.ews.testcases.Rerun" name="riskAssesment_RiskAssesmentValidations" time="101.732"/>
  <system-out/>
  <testcase classname="com.ews.testcases.Rerun" name="riskAssesment_NextAssesmentValidations" time="62.169"/>
  <system-out/>
  <testcase classname="com.ews.testcases.Rerun" name="riskAssesment_TreatmentValidations" time="65.772"/>
  <system-out/>
  <testcase classname="com.ews.testcases.Rerun" name="riskAssesment_Submission_UIValidations" time="53.517"/>
  <system-out/>
  <testcase classname="com.ews.testcases.Rerun" name="riskAssesment_SubmissionApprove_UIValidations" time="92.212"/>
  <system-out/>
  <testcase classname="com.ews.testcases.Rerun" name="riskAssesment_Approve_UIValidations" time="49.440"/>
  <system-out/>
  <testcase classname="com.ews.testcases.Rerun" name="riskAssesment_Approve_RiskAssesmentDetails" time="105.951"/>
  <system-out/>
</testsuite> <!-- com.ews.testcases.Rerun -->
