<?xml version="1.0" encoding="UTF-8"?>
<!-- Generated by org.testng.reporters.JUnitReportReporter -->
<testsuite hostname="BCTCL-DL5420143" failures="0" tests="80" name="com.ews.testcases.Testcases" time="6108.780" errors="0" timestamp="2022-10-05T02:11:19 IST" skipped="0">
  <testcase classname="com.ews.testcases.Testcases" name="loginPage_Validations" time="38.654"/>
  <system-out/>
  <testcase classname="com.ews.testcases.Testcases" name="logging" time="26.421"/>
  <system-out/>
  <testcase classname="com.ews.testcases.Testcases" name="analytics_Dashboard" time="156.721"/>
  <system-out/>
  <testcase classname="com.ews.testcases.Testcases" name="analytics_HeatMap" time="97.013"/>
  <system-out/>
  <testcase classname="com.ews.testcases.Testcases" name="analytics_ResudialHeatMap" time="96.677"/>
  <system-out/>
  <testcase classname="com.ews.testcases.Testcases" name="riskLibrary_validations" time="60.735"/>
  <system-out/>
  <testcase classname="com.ews.testcases.Testcases" name="riskLibrary_createSingleRiskValidations" time="84.109"/>
  <system-out/>
  <testcase classname="com.ews.testcases.Testcases" name="riskLibrary_createSingleRisk" time="84.899"/>
  <system-out/>
  <testcase classname="com.ews.testcases.Testcases" name="riskLibrary_verifyBulkRiskpage" time="72.034"/>
  <system-out/>
  <testcase classname="com.ews.testcases.Testcases" name="controlLibrary_verifyUI" time="58.969"/>
  <system-out/>
  <testcase classname="com.ews.testcases.Testcases" name="verify_RiskAppetite" time="55.355"/>
  <system-out/>
  <testcase classname="com.ews.testcases.Testcases" name="riskAppetite_grid" time="70.221"/>
  <system-out/>
  <testcase classname="com.ews.testcases.Testcases" name="riskAppetite_creatQulitativeRisk" time="69.882"/>
  <system-out/>
  <testcase classname="com.ews.testcases.Testcases" name="riskAppetite_creatQuantitativeRisk" time="70.837"/>
  <system-out/>
  <testcase classname="com.ews.testcases.Testcases" name="riskAppetite_verifyCancel" time="49.745"/>
  <system-out/>
  <testcase classname="com.ews.testcases.Testcases" name="riskidentification" time="53.353"/>
  <system-out/>
  <testcase classname="com.ews.testcases.Testcases" name="riskidentification_verifygrid" time="69.477"/>
  <system-out/>
  <testcase classname="com.ews.testcases.Testcases" name="riskidentification_cancelworkshop" time="51.564"/>
  <system-out/>
  <testcase classname="com.ews.testcases.Testcases" name="riskidentification_createworkshop" time="73.529"/>
  <system-out/>
  <testcase classname="com.ews.testcases.Testcases" name="riskidentification_creatworshopwithoutupload" time="73.935"/>
  <system-out/>
  <testcase classname="com.ews.testcases.Testcases" name="riskidentification_differntfileupload" time="72.836"/>
  <system-out/>
  <testcase classname="com.ews.testcases.Testcases" name="register_CreateRiskUIValidations" time="90.162"/>
  <system-out/>
  <testcase classname="com.ews.testcases.Testcases" name="register_CreateRisk_AddToRiskRegisterUIValidations" time="73.817"/>
  <system-out/>
  <testcase classname="com.ews.testcases.Testcases" name="register_CreateRisk_AdditionalinfoUIValidations" time="84.696"/>
  <system-out/>
  <testcase classname="com.ews.testcases.Testcases" name="register_CreateRisk_AddControlsUIValidations" time="82.095"/>
  <system-out/>
  <testcase classname="com.ews.testcases.Testcases" name="register_CreateRisk_ScoringUIValidations" time="132.711"/>
  <system-out/>
  <testcase classname="com.ews.testcases.Testcases" name="register_CreateRisk_TreatmentUIValidations" time="101.747"/>
  <system-out/>
  <testcase classname="com.ews.testcases.Testcases" name="register_CreateRisk_UpdateScoring" time="137.767"/>
  <system-out/>
  <testcase classname="com.ews.testcases.Testcases" name="register_CreateRisk_UpdateTreatment" time="96.310"/>
  <system-out/>
  <testcase classname="com.ews.testcases.Testcases" name="register_ViewRiskUIValidations" time="57.856"/>
  <system-out/>
  <testcase classname="com.ews.testcases.Testcases" name="register_ViewRisk_AddToRiskRegisterUIValidations" time="73.455"/>
  <system-out/>
  <testcase classname="com.ews.testcases.Testcases" name="register_ViewRisk_AdditionalinfoUIValidations" time="81.204"/>
  <system-out/>
  <testcase classname="com.ews.testcases.Testcases" name="register_ViewRisk_AddControlsUIValidations" time="80.807"/>
  <system-out/>
  <testcase classname="com.ews.testcases.Testcases" name="register_ViewRisk_ScoringUIValidations" time="127.347"/>
  <system-out/>
  <testcase classname="com.ews.testcases.Testcases" name="register_ViewRisk_TreatmentUIValidations" time="95.800"/>
  <system-out/>
  <testcase classname="com.ews.testcases.Testcases" name="register_ViewRisk_UpdateScoring" time="109.273"/>
  <system-out/>
  <testcase classname="com.ews.testcases.Testcases" name="register_ViewRisk_UpdateTreatment" time="88.024"/>
  <system-out/>
  <testcase classname="com.ews.testcases.Testcases" name="register_ControlRegister" time="53.717"/>
  <system-out/>
  <testcase classname="com.ews.testcases.Testcases" name="unique_uiValidations" time="55.270"/>
  <system-out/>
  <testcase classname="com.ews.testcases.Testcases" name="unique_RiskValidations" time="99.530"/>
  <system-out/>
  <testcase classname="com.ews.testcases.Testcases" name="unique_controlValidations" time="100.020"/>
  <system-out/>
  <testcase classname="com.ews.testcases.Testcases" name="unique_KRIValidations" time="99.987"/>
  <system-out/>
  <testcase classname="com.ews.testcases.Testcases" name="unique_RiskViewValidations" time="48.194"/>
  <system-out/>
  <testcase classname="com.ews.testcases.Testcases" name="unique_RiskEditValidations" time="80.029"/>
  <system-out/>
  <testcase classname="com.ews.testcases.Testcases" name="unique_RiskDeleteValidations" time="54.319"/>
  <system-out/>
  <testcase classname="com.ews.testcases.Testcases" name="bem_UIValidations" time="50.763"/>
  <system-out/>
  <testcase classname="com.ews.testcases.Testcases" name="bem_CreateHierarchy" time="126.093"/>
  <system-out/>
  <testcase classname="com.ews.testcases.Testcases" name="bem_CreateVersionValidations" time="69.301"/>
  <system-out/>
  <testcase classname="com.ews.testcases.Testcases" name="bem_ViewOrganisationChart" time="75.941"/>
  <system-out/>
  <testcase classname="com.ews.testcases.Testcases" name="bem_EditOHG" time="49.403"/>
  <system-out/>
  <testcase classname="com.ews.testcases.Testcases" name="bem_ViewOHG" time="48.949"/>
  <system-out/>
  <testcase classname="com.ews.testcases.Testcases" name="riskMonitoring_UIValidations" time="52.988"/>
  <system-out/>
  <testcase classname="com.ews.testcases.Testcases" name="riskMonitoring_CreateKRI" time="80.426"/>
  <system-out/>
  <testcase classname="com.ews.testcases.Testcases" name="riskMonitoring_CancelKRI" time="55.405"/>
  <system-out/>
  <testcase classname="com.ews.testcases.Testcases" name="riskMonitoring_ViewKRI" time="82.956"/>
  <system-out/>
  <testcase classname="com.ews.testcases.Testcases" name="riskMonitoring_ViewKRIBack" time="54.291"/>
  <system-out/>
  <testcase classname="com.ews.testcases.Testcases" name="riskMonitoring_ViewKRIEdit" time="72.005"/>
  <system-out/>
  <testcase classname="com.ews.testcases.Testcases" name="riskMonitoring_ViewKRIEditCancel" time="59.468"/>
  <system-out/>
  <testcase classname="com.ews.testcases.Testcases" name="riskMonitoring_MapUIValidations" time="93.906"/>
  <system-out/>
  <testcase classname="com.ews.testcases.Testcases" name="riskMonitoring_MapBusinessLine" time="116.514"/>
  <system-out/>
  <testcase classname="com.ews.testcases.Testcases" name="riskMonitoring_MapThreshold" time="87.595"/>
  <system-out/>
  <testcase classname="com.ews.testcases.Testcases" name="riskMonitoring_MapFormula" time="82.575"/>
  <system-out/>
  <testcase classname="com.ews.testcases.Testcases" name="riskMonitoring_MapOtherDetails" time="71.849"/>
  <system-out/>
  <testcase classname="com.ews.testcases.Testcases" name="riskMonitoring_MapKRIandControlRegister" time="59.633"/>
  <system-out/>
  <testcase classname="com.ews.testcases.Testcases" name="riskMonitoring_DeleteKRI" time="57.173"/>
  <system-out/>
  <testcase classname="com.ews.testcases.Testcases" name="riskMonitoring_UpdateKRIUIValidations" time="49.431"/>
  <system-out/>
  <testcase classname="com.ews.testcases.Testcases" name="riskMonitoring_UpdateKRIMetricsUIValidations" time="80.971"/>
  <system-out/>
  <testcase classname="com.ews.testcases.Testcases" name="riskMonitoring_ViewKRIUIValidations" time="71.038"/>
  <system-out/>
  <testcase classname="com.ews.testcases.Testcases" name="riskMonitoring_ViewKRIUIValidationswithDate" time="72.680"/>
  <system-out/>
  <testcase classname="com.ews.testcases.Testcases" name="riskAssesment_CreateRiskAssesmentUIValidations" time="55.533"/>
  <system-out/>
  <testcase classname="com.ews.testcases.Testcases" name="riskAssesment_ControlAssesmentUIValidations" time="50.079"/>
  <system-out/>
  <testcase classname="com.ews.testcases.Testcases" name="riskAssesment_AssesUIValidations" time="110.433"/>
  <system-out/>
  <testcase classname="com.ews.testcases.Testcases" name="riskAssesment_ControlAssesValidations" time="51.750"/>
  <system-out/>
  <testcase classname="com.ews.testcases.Testcases" name="riskAssesment_RiskAssesmentValidations" time="103.214"/>
  <system-out/>
  <testcase classname="com.ews.testcases.Testcases" name="riskAssesment_NextAssesmentValidations" time="60.738"/>
  <system-out/>
  <testcase classname="com.ews.testcases.Testcases" name="riskAssesment_TreatmentValidations" time="64.832"/>
  <system-out/>
  <testcase classname="com.ews.testcases.Testcases" name="riskAssesment_Submission_UIValidations" time="53.712"/>
  <system-out/>
  <testcase classname="com.ews.testcases.Testcases" name="riskAssesment_SubmissionApprove_UIValidations" time="91.828"/>
  <system-out/>
  <testcase classname="com.ews.testcases.Testcases" name="riskAssesment_Approve_UIValidations" time="48.331"/>
  <system-out/>
  <testcase classname="com.ews.testcases.Testcases" name="riskAssesment_Approve_RiskAssesmentDetails" time="105.873"/>
  <system-out/>
</testsuite> <!-- com.ews.testcases.Testcases -->
