<?xml version="1.0" encoding="UTF-8"?>
<!-- Generated by org.testng.reporters.JUnitReportReporter -->
<testsuite hostname="BCTCL-DL5420143" failures="0" tests="2" name="com.ews.testcases.Rerun2" time="78.348" errors="0" timestamp="2022-10-05T12:10:58 IST" skipped="0">
  <testcase classname="com.ews.testcases.Rerun2" name="loginPage_Validations" time="41.887"/>
  <system-out/>
  <testcase classname="com.ews.testcases.Rerun2" name="logging" time="36.461"/>
  <system-out/>
</testsuite> <!-- com.ews.testcases.Rerun2 -->
